
Starting Unicycler (2026-03-12 14:42:23)
----------------------------------------
    Welcome to Unicycler, an assembly pipeline for bacterial genomes. Since you provided both short and long reads, Unicycler will perform a hybrid assembly. It will first use SPAdes to make a short-read assembly graph, and then it will use various methods to scaffold that graph with the long reads.
    For more information, please see https://github.com/rrwick/Unicycler

Command: /home/gabrielsanchezgarcia/miniconda3/envs/unicycler/bin/unicycler -1 /home/gabrielsanchezgarcia/Documentos/Gabriel/secuenciacion_masiva/0720_ILLUMINA_NOVOGENE/AN-0720-1.fq -2 /home/gabrielsanchezgarcia/Documentos/Gabriel/secuenciacion_masiva/0720_ILLUMINA_NOVOGENE/AN-0720-2.fq -l /home/gabrielsanchezgarcia/Documentos/Gabriel/secuenciacion_masiva/0720_PacBio/AHR110-E1-Rs0720.fastq.gz -o /home/gabrielsanchezgarcia/Documentos/Gabriel/Terminal/Unicycler/novogene-pacbio --threads 8

Unicycler version: v0.5.1
Using 8 threads

The output directory already exists:
  /home/gabrielsanchezgarcia/Documentos/Gabriel/Terminal/Unicycler/novogene-pacbio

Dependencies:
  Program       Version   Status
  spades.py     4.2.0     good  
  racon         1.5.0     good  
  makeblastdb   2.17.0+   good  
  tblastn       2.17.0+   good  


Choosing k-mer range for assembly (2026-03-12 14:42:28)
-------------------------------------------------------
    Unicycler chooses a k-mer range for SPAdes based on the length of the input reads. It uses a wide range of many k-mer sizes to maximise the chance of finding an ideal assembly.

SPAdes maximum k-mer: 127
Median read length: 150
K-mer range: 27, 53, 71, 87, 99, 111, 119, 127


SPAdes assemblies (2026-03-12 14:42:33)
---------------------------------------
    Unicycler now uses SPAdes to assemble the short reads. It scores the assembly graph for each k-mer using the number of contigs (fewer is better) and the number of dead ends (fewer is better). The score function is 1/(c*(d+2)), where c is the contig count and d is the dead end count.

spades.py -o /home/gabrielsanchezgarcia/Documentos/Gabriel/Terminal/Unicycler/novogene-pacbio/spades_assembly -k 27 --threads 8 --gfa11 --isolate -1 /home/gabrielsanchezgarcia/Documentos/Gabriel/secuenciacion_masiva/0720_ILLUMINA_NOVOGENE/AN-0720-1.fq -2 /home/gabrielsanchezgarcia/Documentos/Gabriel/secuenciacion_masiva/0720_ILLUMINA_NOVOGENE/AN-0720-2.fq -m 1024

spades.py -o /home/gabrielsanchezgarcia/Documentos/Gabriel/Terminal/Unicycler/novogene-pacbio/spades_assembly -k 27,53 --threads 8 --gfa11 --restart-from k27 -m 1024

spades.py -o /home/gabrielsanchezgarcia/Documentos/Gabriel/Terminal/Unicycler/novogene-pacbio/spades_assembly -k 27,53,71 --threads 8 --gfa11 --restart-from k53 -m 1024

spades.py -o /home/gabrielsanchezgarcia/Documentos/Gabriel/Terminal/Unicycler/novogene-pacbio/spades_assembly -k 27,53,71,87 --threads 8 --gfa11 --restart-from k71 -m 1024

spades.py -o /home/gabrielsanchezgarcia/Documentos/Gabriel/Terminal/Unicycler/novogene-pacbio/spades_assembly -k 27,53,71,87,99 --threads 8 --gfa11 --restart-from k87 -m 1024

spades.py -o /home/gabrielsanchezgarcia/Documentos/Gabriel/Terminal/Unicycler/novogene-pacbio/spades_assembly -k 27,53,71,87,99,111 --threads 8 --gfa11 --restart-from k99 -m 1024

spades.py -o /home/gabrielsanchezgarcia/Documentos/Gabriel/Terminal/Unicycler/novogene-pacbio/spades_assembly -k 27,53,71,87,99,111,119 --threads 8 --gfa11 --restart-from k111 -m 1024

spades.py -o /home/gabrielsanchezgarcia/Documentos/Gabriel/Terminal/Unicycler/novogene-pacbio/spades_assembly -k 27,53,71,87,99,111,119,127 --threads 8 --gfa11 --restart-from k119 -m 1024

K-mer   Contigs   Dead ends   Score      
   27                         too complex
   53     1,249           2      2.00e-04
   71       880           2      2.84e-04
   87       733           2      3.41e-04
   99       634           2      3.94e-04
  111       589           2      4.24e-04
  119       568           2      4.40e-04
  127       562           2      4.45e-04 <-best

Read depth filter: removed 14 contigs totalling 4287 bp
Deleting /home/gabrielsanchezgarcia/Documentos/Gabriel/Terminal/Unicycler/novogene-pacbio/spades_assembly/


Determining graph multiplicity (2026-03-12 15:19:24)
----------------------------------------------------
    Multiplicity is the number of times a sequence occurs in the underlying sequence. Single-copy contigs (those with a multiplicity of one, occurring only once in the underlying sequence) are particularly useful.

Saving /home/gabrielsanchezgarcia/Documentos/Gabriel/Terminal/Unicycler/novogene-pacbio/002_depth_filter.gfa


Cleaning graph (2026-03-12 15:19:24)
------------------------------------
    Unicycler now performs various cleaning procedures on the graph to remove overlaps and simplify the graph structure. The end result is a graph ready for bridging.

Graph overlaps removed

Removed zero-length segments:
    288, 291, 294, 296, 299, 301, 302, 303, 304, 305, 307, 308, 309, 312, 313, 315, 316, 317, 318, 324, 350, 351, 354, 357, 361, 364, 368, 381, 385, 397, 402, 408, 416, 430, 445, 448, 451, 455, 458, 461, 468, 471, 483, 486, 498, 500, 554, 559

Removed zero-length segments:
    293, 297, 314, 392, 399, 424, 431, 475, 491, 515, 540, 542, 543, 560

Removed zero-length segments:
    446, 454, 494, 501, 511, 534, 541, 550

Removed zero-length segments:
    447, 516

Removed zero-length segments:
    405, 427

Merged small segments:
    409, 410, 411, 415, 418, 420, 421, 423, 425, 426, 428, 429, 432, 434, 436, 437, 439, 440, 441, 449, 450, 452, 459, 460, 462, 464, 467, 469, 470, 472, 473, 476, 477, 478, 479, 480, 481, 482, 484, 485, 487, 488, 489, 490, 492, 503, 504, 506, 507, 508, 509, 513, 514, 518, 519, 520, 521, 522, 523, 525, 526, 527, 528, 530, 532, 533, 535, 538, 539, 546, 548, 549, 551, 552, 553, 555, 556, 557, 561, 562

Saving /home/gabrielsanchezgarcia/Documentos/Gabriel/Terminal/Unicycler/novogene-pacbio/003_overlaps_removed.gfa

    Unicycler now selects a set of anchor contigs from the single-copy contigs. These are the contigs which will be connected via bridges to form the final assembly.

161 anchor segments (5,408,154 bp) out of 408 total segments (5,483,389 bp)


Creating SPAdes contig bridges (2026-03-12 15:19:24)
----------------------------------------------------
    SPAdes uses paired-end information to perform repeat resolution (RR) and produce contigs from the assembly graph. SPAdes saves the graph paths corresponding to these contigs in the contigs.paths file. When one of these paths contains two or more anchor contigs, Unicycler can create a bridge from the path.

                                                                                                    Bridge
Start                                         Path                                         End     quality
 -143                  -266 -> -203 -> -228 -> -330 -> 247 -> 214 -> -249                  157        13.5
 -142                  -266 -> -202 -> -228 -> -328 -> 247 -> 213 -> -249                  156        13.0
 -137                                         246                                          164        63.2
  -72                                         172                                          118        18.3
  -67                                 -285 -> 207 -> -285                                  126        13.4
  -66                                  241 -> 243 -> 219                                   125        22.7
   -9                                 -255 -> 222 -> -232                                  93         24.3
    5                                      290 -> 305                                      -17        63.2
   11                  -283 -> 220 -> -271 -> -398 -> 240 -> -401 -> 261                   30         19.8
   14                  -261 -> -407 -> -240 -> -404 -> 271 -> -221 -> 283                  12         19.8
   28    230 -> -198 -> -284 -> 226 -> 276 -> -322 -> 270 -> -191 -> -267 -> 278 -> 275    -72        10.8
   31                                         -251                                         -60        63.2
   33                                 -227 -> -381 -> 287                                  150        43.0
   41                   -229 -> 303 -> -279 -> 405 -> 231 -> 393 -> -242                   11         20.1
   43                                         248                                          -156       63.2
   47                                         290                                          -81        63.0
   48                                         250                                          -164       63.2
   53                                 -255 -> 223 -> -232                                  20         24.3
   76                   242 -> 399 -> -231 -> -403 -> 279 -> 304 -> 229                    74         20.1
   85                                         -172                                         -118       17.3
   88                                         -289                                         100        63.2
   92                                         -305                                         64         63.0
  101                          286 -> -173 -> 265 -> 310 -> -273                           -124       14.7
  102                                         246                                          165        63.2
  106   -275 -> -277 -> 267 -> -192 -> -270 -> -323 -> -276 -> 225 -> 284 -> 199 -> -230   90         10.8
  121                                         -251                                         33         62.5
  129                                         269                                          -142       52.9
  136                         273 -> -309 -> -265 -> -174 -> -286                          76         14.7
  137                                         250                                          -165       63.2
  140                                  252 -> 352 -> 281                                   132        63.2
  143                                         -269                                         153        62.8
  157                                         -248                                         92         63.0


Creating loop unrolling bridges (2026-03-12 15:19:24)
-----------------------------------------------------
    When a SPAdes contig path connects an anchor contig with the middle contig of a simple loop, Unicycler concludes that the sequences are contiguous (i.e. the loop is not a separate piece of DNA). It then uses the read depth of the middle and repeat contigs to guess the number of times to traverse the loop and makes a bridge.

                                  Loop count   Loop count    Loop    Bridge
Start   Repeat   Middle     End    by repeat    by middle   count   quality
  -67     -285      207     126         0.90         0.70       1      35.0
  -72      172      118     -85         1.00         0.92       1      42.3


Loading reads (2026-03-12 15:19:24)
-----------------------------------
27,660 / 27,660 (100.0%) - 233,783,630 bp


Assembling contigs and long reads with miniasm (2026-03-12 15:19:29)
--------------------------------------------------------------------
    Unicycler uses miniasm to construct a string graph assembly using both the short read contigs and the long reads. It will then use the resulting string graph to produce bridges between contigs. This method requires decent coverage of long reads and therefore may not be fruitful if long reads are sparse. However, it does not rely on the short read assembly graph having good connectivity and is able to bridge an assembly graph even when it contains many dead ends.
    Unicycler uses two types of "reads" as assembly input: anchor contigs from the short-read assembly and actual long reads which overlap two or more of these contigs. It then assembles them with miniasm.

Aligning long reads to graph using minimap

Saving to /home/gabrielsanchezgarcia/Documentos/Gabriel/Terminal/Unicycler/novogene-pacbio/miniasm_assembly/01_assembly_reads.fastq:
  161 short-read contigs
  5,470 long reads

Finding overlaps with minimap... 
success
  182,926 overlaps

Assembling reads with miniasm... 
success
  791 segments, 791 links

Saving /home/gabrielsanchezgarcia/Documentos/Gabriel/Terminal/Unicycler/novogene-pacbio/miniasm_assembly/11_branching_paths_removed.gfa
Merging segments into unitigs:
  2 circular unitigs
  total size = 5,671,596 bp
Saving /home/gabrielsanchezgarcia/Documentos/Gabriel/Terminal/Unicycler/novogene-pacbio/miniasm_assembly/12_unitig_graph.gfa


Polishing miniasm assembly with Racon (2026-03-12 15:19:49)
-----------------------------------------------------------
    Unicycler now uses Racon to polish the miniasm assembly. It does multiple rounds of polishing to get the best consensus. Circular unitigs are rotated between rounds such that all parts (including the ends) are polished well.

Saving to /home/gabrielsanchezgarcia/Documentos/Gabriel/Terminal/Unicycler/novogene-pacbio/miniasm_assembly/racon_polish/polishing_reads.fastq:
  161 short-read contigs
  27,660 long reads

Polish       Assembly          Mapping
round            size          quality
begin       5,671,596        17,481.61
1           5,668,484        17,573.52

Best polish: /home/gabrielsanchezgarcia/Documentos/Gabriel/Terminal/Unicycler/novogene-pacbio/miniasm_assembly/racon_polish/006_rotated.fasta
Saving /home/gabrielsanchezgarcia/Documentos/Gabriel/Terminal/Unicycler/novogene-pacbio/miniasm_assembly/13_racon_polished.gfa
Saving /home/gabrielsanchezgarcia/Documentos/Gabriel/Terminal/Unicycler/novogene-pacbio/004_long_read_assembly.gfa

    Contigs in the short-read assembly graph which end in dead ends may contain bogus sequence near the dead end. Unicycler therefore uses the read clipping values from the miniasm assembly to trim these dead ends to only the parts which aligned well to long reads.

                       Trimmed   Trimmed             
            Previous      from      from        Final
Segment       length     start       end       length
68            26,153         -        61       26,092

    Unicycler now places the single copy contigs back into the unitig graph. This serves two purposes: a) it replaces long read assembly sequences (which may be error prone) with Illumina assembly sequence (which is probably quite accurate), improving the assembly quality, and b) it defines inter-contig sequences for use in building bridges.

Searching for contigs using 5,000 bp of contig ends.

Contig   Result              Start pos   End pos   Strand
     1   found in unitig 1     3019085   3295894        -
     2   found in unitig 1      849333    990043        +
     3   found in unitig 2      889226   1028894        +
     4   found in unitig 1     1486037   1620742        -
     5   found in unitig 1      630994    756369        +
     6   found in unitig 1     1016866   1135536        +
     7   found in unitig 1      293853    410137        -
     8   found in unitig 1     1942728   2057986        -
     9   found in unitig 2      697946    812089        +
    10   found in unitig 1      517024    629005        +
    11   found in unitig 1       54696    165268        +
    12   found in unitig 2       79271    183737        -
    13   found in unitig 1     1837353   1941249        +
    14   found in unitig 2      184738    284669        -
    15   found in unitig 1     2743080   2837741        +
    16   found in unitig 1     2459496   2553871        +
    17   found in unitig 1      756565    843660        -
    18   found in unitig 2     1623499   1708912        -
    19   found in unitig 2     1793947   1878036        -
    20   found in unitig 2     2020368   2103055        -
    21   found in unitig 1     1291636   1373368        +
    22   found in unitig 1     2135765   2213662        -
    23   found in unitig 1     2897101   2973834        +
    24   found in unitig 1     2665631   2742249        +
    25   found in unitig 1     1627523   1703351        -
    26   found in unitig 1     2059981   2134478        -
    27   found in unitig 2     1245633   1318283        -
    28   found in unitig 2     1039588   1110910        +
    29   found in unitig 2      599914    669489        +
    30   found in unitig 1      166269    234247        +
    31   found in unitig 1     1768231   1833507        -
    32   found in unitig 1      410962    475171        +
    33   found in unitig 1     1412156   1476163        +
    34   found in unitig 2      812920    870980        -
    35   found in unitig 2     1563663   1619342        -
    36   found in unitig 2       18871     74354        -
    37   found in unitig 1     1235833   1290470        +
    38   found in unitig 1     3298998   3352884        +
    39   found in unitig 1     2407443   2458665        +
    40   found in unitig 1     2839256   2890171        -
    41   found in unitig 1        4024     53711        +
    42   found in unitig 1     1186267   1234326        +
    43   found in unitig 1     2598641   2644879        +
    44   found in unitig 1     2279964   2324386        +
    45   found in unitig 1     2222253   2263987        +
    46   found in unitig 1     2359571   2399689        +
    47   found in unitig 2      393161    432953        +
    48   found in unitig 2     1714040   1753665        +
    49   found in unitig 1      235072    273862        -
    50   found in unitig 1     2979506   3018253        -
    51   found in unitig 2      489437    527985        -
    52   found in unitig 2     1525156   1562497        -
    53   found in unitig 2     2103810   2139893        -
    54   found in unitig 2     1208887   1244413        +
    55   found in unitig 2     2145620   2180505        +
    56   found in unitig 1     1143844   1178435        -
    57   found in unitig 2     1171613   1204944        +
    58   found in unitig 2      534743    567930        -
    59   found in unitig 1     1374535   1406289        -
    60   found in unitig 1     1737090   1768035        +
    61   found in unitig 1     2567675   2597815        -
    62   not found                                       
    63   found in unitig 1     3354065   3383659        -
    64   found in unitig 2      342525    371442        -
    65   found in unitig 2     1947513   1976304        -
    66   found in unitig 2     1428957   1457667        +
    67   found in unitig 2      457282    483910        -
    68   found in unitig 1     1708655   1734747        +
    69   found in unitig 1      488950    515029        -
    70   found in unitig 2     2202703   2228089        -
    71   found in unitig 2     1368874   1394233        -
    72   found in unitig 2     1113639   1136968        -
    73   found in unitig 1     2325243   2346669        +
    74   found in unitig 2     1899793   1920855        -
    75   found in unitig 2     2255399   2275755        -
    76   found in unitig 2     1921840   1941917        -
    77   found in unitig 2       -1177     18010        -
    78   found in unitig 2     1879201   1898306        +
    79   found in unitig 2     1398466   1417485        +
    80   found in unitig 2     1505019   1523994        -
    81   not found                                       
    82   found in unitig 2      302699    321078        +
    83   found in unitig 2      569417    587278        +
    84   found in unitig 1      274693    292346        +
    85   found in unitig 2     1144443   1161686        -
    86   found in unitig 2     1997840   2014973        -
    87   found in unitig 2     1979965   1996681        +
    88   found in unitig 2     1480175   1495103        -
    89   found in unitig 2     2181992   2196868        -
    90   found in unitig 2     2238373   2253172        +
    91   found in unitig 1     2265152   2279146        -
    92   found in unitig 2      371521    383336        -
    93   found in unitig 2      685954    697191        -
    94   found in unitig 1     2554728   2565719        -
    95   found in unitig 2     1319741   1330708        -
    96   found in unitig 2      588103    599069        -
    97   found in unitig 2     1029725   1038623        +
    98   found in unitig 2      322365    330916        +
    99   found in unitig 1     2656100   2664465        -
   100   found in unitig 2     1471745   1479875        -
   101   found in unitig 2      676892    684814        -
   102   found in unitig 2     1759795   1766704        -
   104   found in unitig 2      872459    878912        -
   105   found in unitig 2      881975    888395        -
   106   found in unitig 2     2229309   2235644        +
   107   found in unitig 1     2214802   2221086        -
   108   found in unitig 2     1339492   1345743        +
   109   found in unitig 2     1495935   1502073        -
   110   found in unitig 1     2351570   2357615        +
   111   found in unitig 2      289793    295708        -
   112   found in unitig 2     1767574   1773348        -
   113   found in unitig 2     1164507   1170126        -
   114   found in unitig 2     1784824   1790360        -
   116   found in unitig 1     2890989   2896283        -
   117   found in unitig 2     1346540   1351803        +
   118   found in unitig 2     1138080   1143331        +
   119   found in unitig 1     1479569   1484817        -
   120   found in unitig 1       -2378      2858        +
   121   found in unitig 1     1406883   1411960        +
   122   found in unitig 2      528842    533919        -
   123   found in unitig 2     1778698   1783658        +
   124   found in unitig 2      670996    675285        +
   125   found in unitig 2     1424264   1428182        -
   126   found in unitig 2      484668    488580        +
   128   found in unitig 2      296995    300743        +
   129   found in unitig 1     2650967   2654637        -
   130   found in unitig 1      480328    483777        +
   131   found in unitig 2     2141105   2144399        +
   132   found in unitig 2     1358456   1361664        +
   133   found in unitig 2     1461561   1464535        -
   134   found in unitig 1     2403836   2406612        +
   135   found in unitig 2     2016430   2019200        +
   136   found in unitig 2     1943522   1946226        -
   137   found in unitig 2     1755382   1758078        +
   138   found in unitig 1      476634    479273        +
   139   found in unitig 1     1136823   1139329        +
   140   found in unitig 2     1355697   1358118        +
   141   found in unitig 1     1623969   1626312        +
   142   found in unitig 1     2648493   2650811        +
   143   found in unitig 2      386950    389250        +
   144   found in unitig 1     2347956   2350055        -
   145   found in unitig 2     1395691   1397705        -
   146   found in unitig 2     1418697   1420668        -
   147   found in unitig 1     1182811   1184780        -
   148   found in unitig 2     1205770   1207721        +
   149   found in unitig 1     1179576   1181524        +
   150   found in unitig 1     1476582   1478408        +
   152   found in unitig 2      332121    333891        -
   153   found in unitig 2      389406    391175        +
   154   found in unitig 1     1834994   1836759        +
   155   found in unitig 1      484982    486683        +
   156   found in unitig 1     2645085   2646643        -
   157   found in unitig 2      383542    385100        -
   160   found in unitig 2      287504    288961        -
   161   found in unitig 1     1140495   1141888        +
   162   found in unitig 2     2276921   2278296        -
   163   found in unitig 2      335032    336373        +
   164   found in unitig 2     1753864   1755167        -
   165   found in unitig 2     1758277   1759580        -
   166   found in unitig 2      337660    338926        +
   167   found in unitig 2     1620180   1621424        -

Searching for contigs using 2,500 bp of contig ends.

Contig   Result      Start pos   End pos   Strand
    62   not found                               
    81   not found                               

Searching for contigs using 1,000 bp of contig ends.

Contig   Result      Start pos   End pos   Strand
    62   not found                               
    81   not found                               

Searching for contigs using 500 bp of contig ends.

Contig   Result      Start pos   End pos   Strand
    62   not found                               
    81   not found                               

Saving /home/gabrielsanchezgarcia/Documentos/Gabriel/Terminal/Unicycler/novogene-pacbio/miniasm_assembly/14_contigs_placed.gfa


Creating miniasm/Racon bridges (2026-03-12 15:21:48)
----------------------------------------------------
    Now that the miniasm/Racon string graph is complete, Unicycler will use it to build bridges between anchor segments.

         Start -> end    Best path                                 Quality
  1/159   120 -> 41      -335, -170, -364                           86.832
  2/159   130 -> 155     268, 298, -180                             89.237
  3/159  -104 -> -105    253, 402, -211, -338, 175, 320, -234,      78.030
                         406, 178                                         
  4/159  -105 -> 3       184, 366                                   92.128
  5/159     3 -> 97      -374, -397, -184                           92.576
  6/159    97 -> 28      372, 180                                   91.219
  7/159    28 -> -72     230, -198, -284, 226, 276, -322, 270,      80.423
                         -191, -267, 278, 275                             
  8/159   -72 -> 118     172                                        89.518
  9/159   118 -> -85     172                                        84.867
 10/159   -85 -> -113    -168, -292, -189, 184                      77.485
 11/159  -113 -> 57      344, -227, 210, 190, -346                  86.326
 12/159    57 -> 148     184, 397, 395                              92.276
 13/159   155 -> -69     -397, -184, 384, -217, 326, 314, -179      75.935
 14/159   148 -> 54      364, 170, 334                              89.990
 15/159    54 -> -27     -373, 180, -298, -268, 359                 89.658
 16/159   -27 -> -95     206, -342, -236, 200, 280                  87.553
 17/159   -95 -> 108     -397, -184, 387, -224, -258, -215, -188,   57.651
                         -370, 171, 184, 397, 374, -391, -217,            
                         326, 311, -179, -362, -321, 292, 168,            
                         -183, -356, 347, 237, 316, -331, 264,            
                         315, 301                                         
 18/159   108 -> 117     -336, -356, 347, 237, -313, -329, 264,     89.273
                         315, 301, 296                                    
 19/159   117 -> 140     -127                                       69.098
 20/159   140 -> 132     252, 352, 281                              96.773
 21/159   132 -> -71     245, 252, 353, 281, -103                   58.141
 22/159   -71 -> -145    206, -340, -236, 201, 280                  68.319
 23/159  -145 -> 79      -296, -307, -350, -315, -264, 329, 313,    78.411
                         -237, -347                                       
 24/159   -69 -> 10      -368, -397, -184, 383, 170, 334            83.207
 25/159    79 -> -146    180, -298, -268, -367                      71.783
 26/159  -146 -> -125    -195, 287, -151, -379, -233, -389, -219,   67.410
                         -244, -241                                       
 27/159  -125 -> 66      -219, -243, -241                           88.501
 28/159    66 -> -133    -127                                       60.186
 29/159  -133 -> -100    245, 252, 353, 281, -103                   53.938
 30/159  -100 -> -88     289, -327, 289                             97.071
 31/159   -88 -> -109    184, 397, 368                              90.083
 32/159  -109 -> -80     -355, 349, -170, -364, 181, 318, -296,     79.012
                         -307, 351, -315, -264, 329, 313, -237,           
                         -347, 356, 332, -377                             
 33/159   -80 -> -52     -388, 170, -349, -354                      90.053
 34/159   -52 -> -35     364, 170, 334                              89.894
 35/159    10 -> 5       -387, 184, 397, 395, 375, 394, 170, 345    84.375
 36/159   -35 -> -167    -394, -375, -395, -397, -184, 384          92.287
 37/159  -167 -> -18     -195, -233, 371, 180, -298, -268, -367     83.281
 38/159   -18 -> 48      -337, -170, -364, -194, 346, -190, -210,   70.261
                         227, -344, -177, 184, 397                        
 39/159    48 -> -164    250                                        98.060
 40/159  -164 -> 137     -246                                       97.774
 41/159   137 -> -165    250                                        98.043
 42/159  -165 -> -102    -246                                       97.787
 43/159  -102 -> -112    377, -332, -356, 347, 237, 316, -331,      89.868
                         264, 315, -351, 307, 296, -318                   
 44/159  -112 -> 123     -376, -395, -397, -184, -176, 344, -227,   67.241
                         210, 382, 151, -287, 190, -346                   
 45/159   123 -> -114    357, 170, 337                              90.037
 46/159     5 -> -17     290, 305                                   98.068
 47/159  -114 -> -19     180, -298, -268, -367, 182, 158            74.042
 48/159   -19 -> 78      -355, 349, -170, -364                      89.998
 49/159    78 -> -74     344, -227, 210, 190, -346                  86.808
 50/159   -74 -> -76     -229, -304, -279, 403, 231, -399, -242     91.401
 51/159   -76 -> -136    286, 174, 265, 309, -273                   86.955
 52/159  -136 -> -65     -168, -292                                 88.595
 53/159   -65 -> 87      233, 195, 390, -332, -356, 347, 237,       75.921
                         -313, -329, 264, 315, -351, 307, 296,            
                         -205, 344, -227, 210, 190, -346                  
 54/159    87 -> -86     354, 349, -170                             89.736
 55/159   -86 -> 135     159                                        87.918
 56/159   135 -> -20     358, 170, 345, 378                         88.691
 57/159   -17 -> 2       306, 115, -294                             68.414
 58/159   -20 -> -53     232, -223, 255                             93.037
 59/159   -53 -> 131     369, 180, -298, -268                       89.692
 60/159   131 -> 55      -360, 268, 298, -180, -369                 89.647
 61/159    55 -> -89     344, -227, 210, 190, -346                  87.794
 62/159   -89 -> -70     -388, 170, 345, 385, 179, -314, 325,       67.931
                         184, 397, 363, 268, 298, -180, 400, 217,         
                         -333, -386, -388, 170, -349, 355                 
 63/159   -70 -> 106     -373, 180, -298, -268, 360                 89.474
 64/159   106 -> 90      -275, -277, 267, -192, -270, -323, -276,   80.431
                         225, 284, 199, -230                              
 65/159    90 -> -75     361, 188, -216, 258, 324, -296, -307,      83.172
                         -350, 312, 348, 272, 329, -316, -237,            
                         -317                                             
 66/159   -75 -> -162    364, 170, 334                              88.875
 67/159  -162 -> -77     346, -190, -210, 227, -344                 87.185
 68/159     2 -> 6                                                  33.121
 69/159     6 -> 139     292, 168                                   75.218
 70/159   139 -> 161     364, 170, 334                              78.297
 71/159   161 -> -56     287, -151                                  83.619
 72/159    41 -> 11      -229, 303, -279, 405, 231, 393, -242       91.387
 73/159   -56 -> 149     169                                        87.752
 74/159   149 -> -147    -168, -292                                 88.594
 75/159  -147 -> 42      346, -190, -210, 227, -344                 82.790
 76/159    42 -> 37      158                                        87.606
 77/159    37 -> 21      358, 170, -349, 355                        90.047
 78/159    21 -> -59     -334, -170, -357                           90.023
 79/159   -59 -> 121     -196                                       94.403
 80/159   121 -> 33      -251                                       96.864
 81/159    33 -> 150     -227, -381, 287                            93.567
 82/159   150 -> -119    210, 190                                   78.333
 83/159    11 -> 30      -283, 220, -271, -398, 240, -401, 261      91.192
 84/159  -119 -> -4      -373, 180, -298, -268, 360                 83.571
 85/159    -4 -> 141     235, 212, 235, 208, 218, 282, 319, 288,    77.148
                         218, 282, 319, 209, 282                          
 86/159   141 -> -25     268, 298, -180, 373                        89.668
 87/159   -25 -> 68      344, -227, 210, 190, -346, -186, 268,      69.583
                         298, -180, 274, -374, -397, -184, 387,           
                         -397, -184                                       
 88/159    68 -> 60                                                 82.137
 89/159    60 -> -31     251                                        98.084
 90/159   -31 -> 154     344, -227, 210, 190, -346                  87.330
 91/159   154 -> 13      -196                                       93.520
 92/159    13 -> -8      -392, 385, 179, -314, -326, 217, -333,     87.773
                         -386                                             
 93/159    -8 -> -26     -374, -397, -184, 383, 170, 335, 396       84.210
 94/159    30 -> -49     184, 397                                   92.418
 95/159   -26 -> -22     292, 168                                   89.177
 96/159   -22 -> -107    -170, -364                                 90.237
 97/159  -107 -> 45      -378, -345, -170, -364                     90.043
 98/159    45 -> -91     -355, 349, -170, -364                      90.021
 99/159   -91 -> 44      185                                        92.679
100/159    44 -> 73      -195, -233                                 92.051
101/159    73 -> -144    292, 168                                   88.639
102/159  -144 -> 110     -158, 365                                  87.514
103/159   110 -> 46      151, -287                                  84.782
104/159    46 -> 134     -363, -397, -184, 383, -302, 268, 298,     73.781
                         -180, -372, 187, 367, 268, 298, -180,            
                         -371                                             
105/159   -49 -> 84      184, 397, 374                              90.251
106/159   134 -> 39      184, 397, 374                              92.348
107/159    39 -> 16      184, 397, 374                              92.256
108/159    16 -> -94     233, 195                                   92.375
109/159   -94 -> -61     151, -287                                  84.685
110/159   -61 -> 43      -395, -397, -184                           92.561
111/159    43 -> -156    248                                        97.952
112/159  -156 -> 142     249, -213, -247, 328, 228, 202, 266        82.297
113/159   142 -> -129    -269                                       82.411
114/159  -129 -> -99     380, -159                                  85.153
115/159   -99 -> 24      364, 170, 334                              89.962
116/159    84 -> -7      -158                                       87.211
117/159    24 -> 15      -374, -397, -184                           92.571
118/159    15 -> -40     -365, 158                                  86.845
119/159   -40 -> -116    185                                        92.552
120/159  -116 -> 23      -185                                       92.028
121/159    23 -> -50     308, 294, -115                             68.425
122/159   -50 -> -1      184, 397, 395, 375                         91.952
123/159    -1 -> 38      253, 408, -211, 339, 175, -293, -234,      78.546
                         178                                              
124/159    38 -> -63     168                                        89.888
125/159   -63 -> 120     346, -190, -210, 227, -344                 86.255
126/159   -77 -> -36     -390, -195, -233, -389                     90.682
127/159    -7 -> 32      184, 397                                   91.316
128/159   -36 -> -12     369, 180, -298, -268, 359, -254, 184,      70.871
                         397, 395, 386, 333, -217, 326, 314,              
                         -179, -385, 392, 180, -298, -268                 
129/159   -12 -> -14     -283, 221, -271, 404, 240, 407, 261        91.238
130/159   -14 -> -160    369, 180, -298, -268, 359, -291, -158      73.717
131/159  -160 -> -111    184, 397, 395, 376                         92.593
132/159  -111 -> 128     292, 168                                   89.151
133/159   128 -> 82      151, -287                                  84.205
134/159    82 -> 98      -168, -292                                 88.517
135/159    98 -> -152    268, 298, -180                             88.877
136/159  -152 -> 163     -169                                       89.410
137/159   163 -> 166     -168, -292                                 88.091
138/159    32 -> 138     159, -380                                  81.458
139/159   166 -> -64     361, 188, -216, 258, 324, -296, -307,      68.435
                         -350, 312, -264, 331, -316, -237, -317,          
                         -258, 216, -188, -370                            
140/159   -64 -> -92     305                                        98.805
141/159   -92 -> -157    248                                        97.642
142/159  -157 -> 143     249, -214, -247, 330, 228, 203, 266        85.349
143/159   143 -> 153     -269                                       97.793
144/159   153 -> 47      184, -396, -335, -170, 388                 84.554
145/159    47 -> -67     290, -81, -195, 287, -151, -379, -233,     33.528
                         -389, -158                                       
146/159   -67 -> 126     -285, 207, -285                            84.532
147/159   126 -> -51     -195, -233                                 77.743
148/159   -51 -> -122    233, 195                                   92.261
149/159   138 -> 130     298, -180, -372                            90.655
150/159  -122 -> -58     -184                                       92.607
151/159   -58 -> 83      346, -190, -210, 227, -344                 87.624
152/159    83 -> -96     184, 397                                   91.843
153/159   -96 -> 29      324, -296, -307, -297, 272, 329, -316,     92.421
                         -237, -347, 356, 336                             
154/159    29 -> 124     158                                        87.228
155/159   124 -> -101    273, -310, -265, 173, -286                 86.992
156/159  -101 -> -93     364, 170                                   89.714
157/159   -93 -> 9       232, -222, 255                             93.006
158/159     9 -> -34     -366, -184                                 92.541
159/159   -34 -> -104    333, -217, 326, 311, -179, -362            87.832


Creating simple long read bridges (2026-03-12 15:22:46)
-------------------------------------------------------
    Unicycler uses long read alignments (from minimap) to resolve simple repeat structures in the graph. This takes care of some "low-hanging fruit" of the graph simplification.

Aligning long reads to graph using minimap

    Two-way junctions are defined as cases where two graph contigs (A and B) join together (C) and then split apart again (D and E). This usually represents a simple 2-copy repeat, and there are two possible options for its resolution: (A->C->D and B->C->E) or (A->C->E and B->C->D). Each read which spans such a junction gets to "vote" for option 1, option 2 or neither. Unicycler creates a bridge at each junction for the most voted for option.

                                                         Op. 1   Op. 2   Neither   Final    Bridge
Junction         Option 1               Option 2         votes   votes     votes     op.   quality
     246   -137 -> 246 -> 164,    -137 -> 246 -> 165,       46       0         1       1      97.7
            102 -> 246 -> 165      102 -> 246 -> 164                                              
     248   -92 -> 248 -> -157,    -92 -> 248 -> -156,       40       0         0       1      99.9
            43 -> 248 -> -156      43 -> 248 -> -157                                              
     250    48 -> 250 -> -165,     48 -> 250 -> -164,        0      43         1       2      97.7
            137 -> 250 -> -164     137 -> 250 -> -165                                             
     196   -121 -> 196 -> -154,    -121 -> 196 -> 59,        0      48         8       2      83.6
             -13 -> 196 -> 59      -13 -> 196 -> -154                                             
     169   -163 -> 169 -> 149,    -163 -> 169 -> 152,        0      31         0       2      97.3
            -56 -> 169 -> 152      -56 -> 169 -> 149                                              
     172    -72 -> 172 -> -85,     -72 -> 172 -> 118,        0      40         3       2      87.0
            118 -> 172 -> 118      118 -> 172 -> -85                                              
     127   -140 -> 127 -> -117,   -140 -> 127 -> -66,       38       0         1       1      78.2
            133 -> 127 -> -66      133 -> 127 -> -117                                             
     269   -153 -> 269 -> -143,   -153 -> 269 -> -142,      50       0         0       1      83.7
            129 -> 269 -> -142     129 -> 269 -> -143                                             

    Simple loops are parts of the graph where two contigs (A and B) are connected via a repeat (C) which loops back to itself (via D). It is possible to traverse the loop zero times (A->C->B), one time (A->C->D->C->B), two times (A->C->D->C->D->C->B), etc. Long reads which span the loop inform which is the correct number of times through. In this step, such reads are found and each is aligned against alternative loop counts. A reads casts its "vote" for the loop count it agrees best with, and Unicycler creates a bridge using the most voted for count.

                                   Read                         Loop    Bridge
Start   Repeat   Middle     End   count   Read votes           count   quality
  -72      172      118     -85       5   1 loop: 5 votes          1      97.8
  -67     -285      207     126      16   1 loop: 16 votes         1      90.7
   88     -289      327     100      19   1 loop: 19 votes         1      99.9


Determining low score threshold (2026-03-12 15:23:03)
-----------------------------------------------------
    Before conducting semi-global alignment of the long reads to the assembly graph, Unicycler must determine a minimum alignment score threshold such that nonsense alignments are excluded. To choose a threshold automatically, it examines alignments between random sequences and selects a score a few standard deviations above the mean.

Automatically choosing a threshold using random alignment scores.

Random alignment mean score: 61.66
         standard deviation:  1.31
        Low score threshold: 61.66 + (7 x 1.31) = 70.86


Aligning reads (2026-03-12 15:23:07)
------------------------------------
27,660 / 27,660 (100.0%)


Read alignment summary (2026-03-12 16:24:49)
--------------------------------------------
Total read count:             27,660
Fully aligned reads:          14,367
Partially aligned reads:       3,186
Unaligned reads:              10,107
Total bases aligned:     155,315,114 bp
Mean alignment identity:          99.4%

Deleting /home/gabrielsanchezgarcia/Documentos/Gabriel/Terminal/Unicycler/novogene-pacbio/read_alignment/


Building long read bridges (2026-03-12 16:24:49)
------------------------------------------------
    Unicycler uses the long read alignments to produce bridges between anchor segments. These bridges can be formed using as few as one long read, giving Unicycler the ability to bridge the graph even when long-read depth is low.

         Start -> end    Best path                                 Quality
  1/202   132 -> -71     245, 252, 353, 281, -103                   66.544
  2/202    -6 -> 62      308, 295, -115, -306, -193, 197, -299,     73.904
                         -256, 263, -260                                  
  3/202   -41 -> 63      364, 170, 335, -120, 344, -227, 210,       31.642
                         190, -346                                        
  4/202    33 -> -4      -227, -381, 287, 150, 210, 190, -119,      38.101
                         -373, 180, -298, -268, 360                       
  5/202    64 -> 152     370, 188, -216, 258, 317, 237, 316,        29.973
                         -331, 264, -312, 350, 307, 296, -324,            
                         -258, 216, -188, -361, -166, 292, 168,           
                         -163, 169                                        
  6/202    56 -> -6      151, -287, -161, -334, -170, -364, -139,   32.150
                         -168, -292                                       
  7/202    -2 -> 17      294, -115, -306                            82.797
  8/202   100 -> 133     103, -281, -353, -252, -245                56.827
  9/202   117 -> 132     -127, 140, 252, 352, 281                   58.603
 10/202   -82 -> 111     287, -151, -128, -168, -292                27.768
 11/202    98 -> -64     268, 298, -180, -152, -169, 163, -168,     48.558
                         -292, 166, 361, 188, -216, 258, 324,             
                         -296, -307, -350, 312, -264, 331, -316,          
                         -237, -317, -258, 216, -188, -370                
 12/202    50 -> -23     115, -294, -308                            81.855
 13/202   -95 -> 108     -397, -184, 387, -224, -258, -215, -188,   56.334
                         -370, 171, 184, 397, 374, -391, -217,            
                         326, 311, -179, -362, -321, 292, 168,            
                         -183, -356, 347, 237, 316, -331, 264,            
                         315, 301                                         
 14/202   -42 -> 56      344, -227, 210, 190, -346, 147, 292,       29.777
                         168, -149, -169                                  
 15/202    12 -> 36      268, 298, -180, -392, 385, 179, -314,      82.810
                         -326, 217, -333, -386, -395, -397, -184,         
                         254, -359, 268, 298, -180, -369                  
 16/202   102 -> -48     246, 165, -250, -137, 246, 164, -250       36.371
 17/202   129 -> -43     269, -142, -266, -202, -228, -328, 247,    57.709
                         213, -249, 156, -248                             
 18/202    20 -> 86      -378, -345, -170, -358, -135, -159         73.062
 19/202    25 -> 4       -373, 180, -298, -268, -141, -282, -209,   54.628
                         -319, -282, -218, -288, -319, -282,              
                         -218, -208, -235, -212, -235                     
 20/202   125 -> -79     241, 244, 219, 389, 233, 379, 151, -287,   65.152
                         195, 146, 367, 268, 298, -180                    
 21/202   -92 -> 153     248, -157, 249, -214, -247, 330, 228,      22.223
                         203, 266, 143, -269                              
 22/202    65 -> 76      292, 168, 136, 273, -309, -265, -174,      44.276
                         -286                                             
 23/202  -112 -> 123     -376, -395, -397, -184, -176, 344, -227,   75.580
                         210, 382, 151, -287, 190, -346                   
 24/202    51 -> 67      233, 195, -126, 285, -207, 285             35.063
 25/202   -25 -> 68      344, -227, 210, 190, -346, -186, 268,      54.306
                         298, -180, 274, -374, -397, -184, 387,           
                         -397, -184                                       
 26/202   133 -> -66     127                                        62.114
 27/202    46 -> 134     -363, -397, -184, 383, -302, 268, 298,     76.629
                         -180, -372, 187, 367, 268, 298, -180,            
                         -371                                             
 28/202    70 -> 89      -355, 349, -170, 388, 386, 333, -217,      66.661
                         -400, 180, -298, -268, -363, -397, -184,         
                         -325, 314, -179, -385, -345, -170, 388           
 29/202    32 -> 130     159, -380, 138, 298, -180, -372            42.148
 30/202   111 -> 14      -376, -395, -397, -184, 160, 158, 291,     73.854
                         -359, 268, 298, -180, -369                       
 31/202   139 -> -56     364, 170, 334, 161, 287, -151              53.191
 32/202    18 -> 35      367, 268, 298, -180, -371, 233, 195,       79.642
                         167, -384, 184, 397, 395, 375, 394               
 33/202    73 -> 110     292, 168, -144, -158, 365                  23.133
 34/202   163 -> -64     -168, -292, 166, 361, 188, -216, 258,      54.872
                         324, -296, -307, -350, 312, -264, 331,           
                         -316, -237, -317, -258, 216, -188, -370          
 35/202   149 -> 42      -168, -292, -147, 346, -190, -210, 227,    17.863
                         -344                                             
 36/202   117 -> 140     -127                                       68.961
 37/202   147 -> 56      292, 168, -149, -169                       46.714
 38/202   143 -> 47      -269, 153, 184, -396, -335, -170, 388      62.187
 39/202   -65 -> 87      233, 195, 390, -332, -356, 347, 237,       81.989
                         -313, -329, 264, 315, -351, 307, 296,            
                         -205, 344, -227, 210, 190, -346                  
 40/202   125 -> 146     241, 244, 219, 389, 233, 379, 151, -287,   64.200
                         195                                              
 41/202   -18 -> 48      -337, -170, -364, -194, 346, -190, -210,   70.140
                         227, -344, -177, 184, 397                        
 42/202  -153 -> 157     269, -143, -266, -203, -228, -330, 247,    18.038
                         214, -249                                        
 43/202    77 -> 75      344, -227, 210, 190, -346, 162, -334,      54.497
                         -170, -364                                       
 44/202    57 -> 54      184, 397, 395, 148, 364, 170, 334          45.101
 45/202   -13 -> 31      196, -154, 346, -190, -210, 227, -344      49.474
 46/202   -71 -> 79      206, -340, -236, 201, 280, -145, -296,     68.030
                         -307, -350, -315, -264, 329, 313, -237,          
                         -347                                             
 47/202   -53 -> 55      369, 180, -298, -268, 131, -360, 268,      35.072
                         298, -180, -369                                  
 48/202   130 -> -69     268, 298, -180, 155, -397, -184, 384,      53.950
                         -217, 326, 314, -179                             
 49/202    19 -> 114     -158, -182, 367, 268, 298, -180            60.957
 50/202   -24 -> 40                                                  6.874
 51/202    43 -> 142     248, -156, 249, -213, -247, 328, 228,      56.150
                         202, 266                                         
 52/202   105 -> 104     -178, -406, 234, -320, -175, 338, 211,     78.377
                         -402, -253                                       
 53/202    -1 -> 38      253, 408, -211, 339, 175, -293, -234,      82.884
                         178                                              
 54/202  -152 -> 166     -169, 163, -168, -292                      15.244
 55/202   160 -> 14      158, 291, -359, 268, 298, -180, -369       67.326
 56/202   -92 -> 143     248, -157, 249, -214, -247, 330, 228,      34.061
                         203, 266                                         
 57/202   119 -> -33     -190, -210, -150, -287, 381, 227           58.610
 58/202    80 -> 109     377, -332, -356, 347, 237, -313, -329,     79.938
                         264, 315, -351, 307, 296, -318, -181,            
                         364, 170, -349, 355                              
 59/202   113 -> 85      -184, 189, 292, 168                        77.521
 60/202    -4 -> 141     235, 212, 235, 208, 218, 282, 319, 288,    68.886
                         218, 282, 319, 209, 282                          
 61/202   165 -> 164     -250, -137, 246                            14.947
 62/202   166 -> -64     361, 188, -216, 258, 324, -296, -307,      64.008
                         -350, 312, -264, 331, -316, -237, -317,          
                         -258, 216, -188, -370                            
 63/202   106 -> 90      -275, -277, 267, -192, -270, -323, -276,   72.376
                         225, 284, 199, -230                              
 64/202    72 -> -28     -275, -278, 267, 191, -270, 322, -276,     82.467
                         -226, 284, 198, -230                             
 65/202    68 -> 60                                                 55.378
 66/202    67 -> 81      158, 389, 233, 195                         74.758
 67/202   155 -> -69     -397, -184, 384, -217, 326, 314, -179      68.088
 68/202   153 -> 47      184, -396, -335, -170, 388                 74.558
 69/202    18 -> 167     367, 268, 298, -180, -371, 233, 195        70.824
 70/202    10 -> 5       -387, 184, 397, 395, 375, 394, 170, 345    82.954
 71/202    90 -> -75     361, 188, -216, 258, 324, -296, -307,      81.489
                         -350, 312, 348, 272, 329, -316, -237,            
                         -317                                             
 72/202    26 -> 8       -396, -335, -170, -383, 184, 397, 374      82.812
 73/202   128 -> 82      151, -287                                  77.758
 74/202   -10 -> 69      -334, -170, -383, 184, 397, 368            81.205
 75/202    61 -> 94      287, -151                                  81.472
 76/202   161 -> -56     287, -151                                  70.604
 77/202   110 -> 46      151, -287                                  79.801
 78/202   -31 -> 154     344, -227, 210, 190, -346                  74.247
 79/202    82 -> 98      -168, -292                                 80.530
 80/202  -142 -> 156     -266, -202, -228, -328, 247, 213, -249     66.083
 81/202   145 -> 71      -280, -201, 236, 340, -206                 58.346
 82/202  -111 -> 128     292, 168                                   77.195
 83/202    42 -> 37      158                                        83.001
 84/202  -143 -> 157     -266, -203, -228, -330, 247, 214, -249     63.630
 85/202    13 -> -8      -392, 385, 179, -314, -326, 217, -333,     83.071
                         -386                                             
 86/202   136 -> 76      273, -309, -265, -174, -286                77.224
 87/202    99 -> 129     159, -380                                  75.271
 88/202   -86 -> 135     159                                        77.293
 89/202    95 -> 27      -280, -200, 236, 342, -206                 81.322
 90/202   124 -> -101    273, -310, -265, 173, -286                 78.364
 91/202    40 -> -15     -158, 365                                  82.022
 92/202    78 -> -74     344, -227, 210, 190, -346                  81.290
 93/202   137 -> -102    250, -165, -246                            67.563
 94/202   -42 -> 147     344, -227, 210, 190, -346                  71.412
 95/202     6 -> 139     292, 168                                   65.130
 96/202    48 -> 137     250, -164, -246                            63.395
 97/202   -58 -> 83      346, -190, -210, 227, -344                 82.088
 98/202    84 -> -7      -158                                       81.985
 99/202   -63 -> 120     346, -190, -210, 227, -344                 78.523
100/202    77 -> 162     344, -227, 210, 190, -346                  71.537
101/202    89 -> -55     346, -190, -210, 227, -344                 81.950
102/202   130 -> 155     268, 298, -180                             70.699
103/202   -57 -> 113     346, -190, -210, 227, -344                 78.077
104/202    29 -> 124     158                                        76.361
105/202    62 -> -2      197, 300, -256, -262, -260                 82.859
106/202  -110 -> 144     -365, 158                                  67.635
107/202    32 -> 138     159, -380                                  67.232
108/202   104 -> 34      362, 179, -311, -326, 217, -333            72.900
109/202     4 -> 119     -360, 268, 298, -180, 373                  74.531
110/202    65 -> 136     292, 168                                   76.783
111/202   139 -> 161     364, 170, 334                              58.765
112/202   146 -> -79     367, 268, 298, -180                        60.379
113/202   141 -> -25     268, 298, -180, 373                        76.507
114/202   152 -> -98     180, -298, -268                            73.094
115/202   150 -> -119    210, 190                                   62.513
116/202   135 -> -20     358, 170, 345, 378                         76.072
117/202   123 -> -114    357, 170, 337                              78.001
118/202   149 -> -147    -168, -292                                 67.759
119/202    54 -> -27     -373, 180, -298, -268, 359                 82.786
120/202   111 -> 160     -376, -395, -397, -184                     71.522
121/202   131 -> 55      -360, 268, 298, -180, -369                 78.302
122/202    22 -> 26      -168, -292                                 79.235
123/202   -45 -> 107     364, 170, 345, 378                         79.828
124/202    35 -> 52      -334, -170, -364                           82.737
125/202    87 -> -86     354, 349, -170                             81.778
126/202   -70 -> 106     -373, 180, -298, -268, 360                 79.921
127/202   144 -> -73     -168, -292                                 68.794
128/202   -53 -> 131     369, 180, -298, -268                       78.099
129/202   163 -> 166     -168, -292                                 56.142
130/202   -19 -> 78      -355, 349, -170, -364                      82.242
131/202   148 -> 54      364, 170, 334                              75.504
132/202   120 -> 41      -335, -170, -364                           76.653
133/202   162 -> 75      -334, -170, -364                           70.805
134/202   -72 -> 118     172                                        79.124
135/202    63 -> -38     -168                                       82.752
136/202   107 -> 22      364, 170                                   79.757
137/202    59 -> -21     357, 170, 334                              80.158
138/202    37 -> 21      358, 170, -349, 355                        79.764
139/202   -24 -> 99      -334, -170, -364                           80.555
140/202    91 -> -45     364, 170, -349, 355                        73.149
141/202    52 -> 80      354, 349, -170, 388                        65.786
142/202  -152 -> 163     -169                                       63.671
143/202    93 -> 101     -170, -364                                 80.115
144/202   118 -> -85     172                                        74.861
145/202   -79 -> 145     347, 237, -313, -329, 264, 315, 350,       63.566
                         307, 296                                         
146/202   -56 -> 149     169                                        54.349
147/202   122 -> 51      -195, -233                                 79.846
148/202   138 -> 130     298, -180, -372                            67.037
149/202   -43 -> 61      184, 397, 395                              82.618
150/202    14 -> 12      -261, -407, -240, -404, 271, -221, 283     83.078
151/202    11 -> 30      -283, 220, -271, -398, 240, -401, 261      82.843
152/202    76 -> 74      242, 399, -231, -403, 279, 304, 229        79.416
153/202   109 -> 88      -368, -397, -184                           78.082
154/202    94 -> -16     -195, -233                                 81.742
155/202    97 -> 28      372, 180                                   80.184
156/202    41 -> 11      -229, 303, -279, 405, 231, 393, -242       80.529
157/202   -29 -> 96      -336, -356, 347, 237, 316, -329, -272,     81.732
                         297, 307, 296, -324                              
158/202   167 -> 35      -384, 184, 397, 395, 375, 394              71.454
159/202   134 -> 39      184, 397, 374                              77.537
160/202    39 -> 16      184, 397, 374                              82.707
161/202   126 -> -51     -195, -233                                 66.487
162/202    36 -> 77      389, 233, 195, 390                         80.900
163/202   112 -> 102     318, -296, -307, 351, -315, -264, 331,     76.913
                         -316, -237, -347, 356, 332, -377                 
164/202     1 -> 50      -375, -395, -397, -184                     82.297
165/202    34 -> -9      184, 366                                   83.094
166/202    96 -> -83     -397, -184                                 80.679
167/202    -3 -> 105     -366, -184                                 80.159
168/202    49 -> -30     -397, -184                                 82.575
169/202   -49 -> 84      184, 397, 374                              80.015
170/202    44 -> 73      -195, -233                                 76.764
171/202     3 -> 97      -374, -397, -184                           81.522
172/202    58 -> 122     184                                        79.889
173/202    24 -> 15      -374, -397, -184                           82.060
174/202   -44 -> 91      -185                                       74.365
175/202    57 -> 148     184, 397, 395                              70.042
176/202   116 -> 40      -185                                       74.500
177/202   -23 -> 116     185                                        78.571
178/202   -66 -> 125     241, 243, 219                              73.863
179/202   -79 -> 108     347, 237, -313, -329, 264, 315, 301         7.998
180/202    -7 -> 32      184, 397                                   64.029
181/202   108 -> 117     -336, -356, 347, 237, -313, -329, 264,     73.765
                         315, 301, 296                                    
182/202    53 -> 20      -255, 223, -232                            82.700
183/202   -59 -> 121     -196                                       68.473
184/202   -67 -> 126     -285, 207, -285                            64.421
185/202   102 -> 165     246                                        70.755
186/202    88 -> 100     -289, 327, -289                            80.722
187/202   156 -> -43     -248                                       73.824
188/202   140 -> 132     252, 352, 281                              73.108
189/202   157 -> 92      -248                                       65.893
190/202  -137 -> 164     246                                        67.766
191/202   165 -> -137    -250                                       67.848
192/202   164 -> -48     -250                                       72.194
193/202    60 -> -31     251                                        67.009
194/202    17 -> -5      -305, -290                                 83.129
195/202   121 -> 33      -251                                       63.225
196/202    92 -> 64      -305                                       81.486
197/202   143 -> 153     -269                                       69.023
198/202    33 -> 150     -227, -381, 287                            73.148
199/202    81 -> -47     -290                                       82.142
200/202   142 -> -129    -269                                       61.434
201/202    -9 -> 93      -255, 222, -232                            81.479
202/202   154 -> 13      -196                                       73.936


Applying bridges (2026-03-12 16:25:46)
--------------------------------------
    Unicycler now applies to the graph in decreasing order of quality. This ensures that when multiple, contradictory bridges exist, the most supported option is used.

Bridge type        Start -> end   Path                                       Quality
simple long read     43 -> -156   248                                         99.950
simple long read     88 -> 100    -289, 327, -289                             99.941
simple long read    -92 -> -157   248                                         99.633
simple long read   -153 -> -143   269                                         99.307
simple long read   -163 -> 152    169                                         99.087
miniasm             -64 -> -92    305                                         98.805
miniasm              60 -> -31    251                                         98.084
miniasm               5 -> -17    290, 305                                    98.068
miniasm              48 -> -164   250                                         98.060
miniasm             137 -> -165   250                                         98.043
simple long read    -72 -> -85    172, 118, 172                               97.801
miniasm            -165 -> -102   -246                                        97.787
miniasm            -164 -> 137    -246                                        97.774
simple long read    -56 -> 149    169                                         97.251
miniasm             121 -> 33     -251                                        96.864
miniasm             140 -> 132    252, 352, 281                               96.773
miniasm             -59 -> 121    -196                                        94.403
miniasm              33 -> 150    -227, -381, 287                             93.567
miniasm             154 -> 13     -196                                        93.520
miniasm             -20 -> -53    232, -223, 255                              93.037
miniasm             -93 -> 9      232, -222, 255                              93.006
miniasm             -91 -> 44     185                                         92.679
miniasm            -122 -> -58    -184                                        92.607
miniasm            -160 -> -111   184, 397, 395, 376                          92.593
miniasm               3 -> 97     -374, -397, -184                            92.576
miniasm              24 -> 15     -374, -397, -184                            92.571
miniasm             -61 -> 43     -395, -397, -184                            92.561
miniasm             -40 -> -116   185                                         92.552
miniasm               9 -> -34    -366, -184                                  92.541
miniasm             -96 -> 29     324, -296, -307, -297, 272, 329, -316,      92.421
                                  -237, -347, 356, 336                              
miniasm              30 -> -49    184, 397                                    92.418
miniasm              16 -> -94    233, 195                                    92.375
miniasm             134 -> 39     184, 397, 374                               92.348
miniasm             -35 -> -167   -394, -375, -395, -397, -184, 384           92.287
miniasm              57 -> 148    184, 397, 395                               92.276
miniasm             -51 -> -122   233, 195                                    92.261
miniasm              39 -> 16     184, 397, 374                               92.256
miniasm            -105 -> 3      184, 366                                    92.128
miniasm              44 -> 73     -195, -233                                  92.051
miniasm            -116 -> 23     -185                                        92.028
miniasm             -50 -> -1     184, 397, 395, 375                          91.952
miniasm              83 -> -96    184, 397                                    91.843
miniasm             -74 -> -76    -229, -304, -279, 403, 231, -399, -242      91.401
miniasm              41 -> 11     -229, 303, -279, 405, 231, 393, -242        91.387
miniasm              -7 -> 32     184, 397                                    91.316
miniasm             -12 -> -14    -283, 221, -271, 404, 240, 407, 261         91.238
miniasm              97 -> 28     372, 180                                    91.219
miniasm              11 -> 30     -283, 220, -271, -398, 240, -401, 261       91.192
simple long read    -67 -> 126    -285, 207, -285                             90.714
miniasm             -77 -> -36    -390, -195, -233, -389                      90.682
miniasm             138 -> 130    298, -180, -372                             90.655
miniasm             -49 -> 84     184, 397, 374                               90.251
miniasm             -22 -> -107   -170, -364                                  90.237
miniasm             -88 -> -109   184, 397, 368                               90.083
miniasm             -80 -> -52    -388, 170, -349, -354                       90.053
miniasm              37 -> 21     358, 170, -349, 355                         90.047
miniasm            -107 -> 45     -378, -345, -170, -364                      90.043
miniasm             123 -> -114   357, 170, 337                               90.037
miniasm              21 -> -59    -334, -170, -357                            90.023
miniasm              45 -> -91    -355, 349, -170, -364                       90.021
miniasm             -19 -> 78     -355, 349, -170, -364                       89.998
miniasm             148 -> 54     364, 170, 334                               89.990
miniasm             -99 -> 24     364, 170, 334                               89.962
miniasm             -52 -> -35    364, 170, 334                               89.894
miniasm              38 -> -63    168                                         89.888
miniasm            -102 -> -112   377, -332, -356, 347, 237, 316, -331,       89.868
                                  264, 315, -351, 307, 296, -318                    
simple long read   -140 -> -117   127                                         89.764
miniasm              87 -> -86    354, 349, -170                              89.736
miniasm            -101 -> -93    364, 170                                    89.714
miniasm             -53 -> 131    369, 180, -298, -268                        89.692
miniasm             141 -> -25    268, 298, -180, 373                         89.668
miniasm              54 -> -27    -373, 180, -298, -268, 359                  89.658
miniasm             131 -> 55     -360, 268, 298, -180, -369                  89.647
miniasm             -70 -> 106    -373, 180, -298, -268, 360                  89.474
miniasm             108 -> 117    -336, -356, 347, 237, -313, -329, 264,      89.273
                                  315, 301, 296                                     
miniasm             130 -> 155    268, 298, -180                              89.237
miniasm             -26 -> -22    292, 168                                    89.177
miniasm            -111 -> 128    292, 168                                    89.151
miniasm              98 -> -152   268, 298, -180                              88.877
miniasm             -75 -> -162   364, 170, 334                               88.875
miniasm             135 -> -20    358, 170, 345, 378                          88.691
miniasm              73 -> -144   292, 168                                    88.639
miniasm            -136 -> -65    -168, -292                                  88.595
miniasm             149 -> -147   -168, -292                                  88.594
miniasm              82 -> 98     -168, -292                                  88.517
miniasm            -125 -> 66     -219, -243, -241                            88.501
miniasm             163 -> 166    -168, -292                                  88.091
miniasm             -86 -> 135    159                                         87.918
miniasm             -34 -> -104   333, -217, 326, 311, -179, -362             87.832
miniasm              55 -> -89    344, -227, 210, 190, -346                   87.794
miniasm              13 -> -8     -392, 385, 179, -314, -326, 217, -333,      87.773
                                  -386                                              
miniasm             -58 -> 83     346, -190, -210, 227, -344                  87.624
miniasm              42 -> 37     158                                         87.606
miniasm             -27 -> -95    206, -342, -236, 200, 280                   87.553
miniasm            -144 -> 110    -158, 365                                   87.514
miniasm             -31 -> 154    344, -227, 210, 190, -346                   87.330
miniasm              29 -> 124    158                                         87.228
miniasm              84 -> -7     -158                                        87.211
miniasm            -162 -> -77    346, -190, -210, 227, -344                  87.185
miniasm             124 -> -101   273, -310, -265, 173, -286                  86.992
miniasm             -76 -> -136   286, 174, 265, 309, -273                    86.955
miniasm              15 -> -40    -365, 158                                   86.845
miniasm             120 -> 41     -335, -170, -364                            86.832
miniasm              78 -> -74    344, -227, 210, 190, -346                   86.808
miniasm            -113 -> 57     344, -227, 210, 190, -346                   86.326
miniasm             -63 -> 120    346, -190, -210, 227, -344                  86.255
miniasm            -157 -> 143    249, -214, -247, 330, 228, 203, 266         85.349
miniasm            -129 -> -99    380, -159                                   85.153
miniasm             110 -> 46     151, -287                                   84.782
miniasm             -94 -> -61    151, -287                                   84.685
miniasm             153 -> 47     184, -396, -335, -170, 388                  84.554
miniasm              10 -> 5      -387, 184, 397, 395, 375, 394, 170, 345     84.375
miniasm              -8 -> -26    -374, -397, -184, 383, 170, 335, 396        84.210
miniasm             128 -> 82     151, -287                                   84.205
simple long read    129 -> -142   269                                         83.686
miniasm             161 -> -56    287, -151                                   83.619
miniasm            -119 -> -4     -373, 180, -298, -268, 360                  83.571
miniasm            -167 -> -18    -195, -233, 371, 180, -298, -268, -367      83.281
miniasm             -69 -> 10     -368, -397, -184, 383, 170, 334             83.207
miniasm              90 -> -75    361, 188, -216, 258, 324, -296, -307,       83.172
                                  -350, 312, 348, 272, 329, -316, -237,             
                                  -317                                              
long read            -1 -> 38     253, 408, -211, 339, 175, -293, -234,       82.884
                                  178                                               
long read            62 -> -2     197, 300, -256, -262, -260                  82.859
long read            12 -> 36     268, 298, -180, -392, 385, 179, -314,       82.810
                                  -326, 217, -333, -386, -395, -397, -184,          
                                  254, -359, 268, 298, -180, -369                   
long read            -2 -> 17     294, -115, -306                             82.797
miniasm            -147 -> 42     346, -190, -210, 227, -344                  82.790
long read            72 -> -28    -275, -278, 267, 191, -270, 322, -276,      82.467
                                  -226, 284, 198, -230                              
miniasm            -156 -> 142    249, -213, -247, 328, 228, 202, 266         82.297
long read            81 -> -47    -290                                        82.142
miniasm              68 -> 60                                                 82.137
long read           -65 -> 87     233, 195, 390, -332, -356, 347, 237,        81.989
                                  -313, -329, 264, 315, -351, 307, 296,             
                                  -205, 344, -227, 210, 190, -346                   
long read            50 -> -23    115, -294, -308                             81.855
miniasm              32 -> 138    159, -380                                   81.458
miniasm             106 -> 90     -275, -277, 267, -192, -270, -323, -276,    80.431
                                  225, 284, 199, -230                               
long read            80 -> 109    377, -332, -356, 347, 237, -313, -329,      79.938
                                  264, 315, -351, 307, 296, -318, -181,             
                                  364, 170, -349, 355                               
miniasm            -145 -> 79     -296, -307, -350, -315, -264, 329, 313,     78.411
                                  -237, -347                                        
long read           105 -> 104    -178, -406, 234, -320, -175, 338, 211,      78.377
                                  -402, -253                                        
miniasm             150 -> -119   210, 190                                    78.333
miniasm             139 -> 161    364, 170, 334                               78.297
simple long read    133 -> -66    127                                         78.186
miniasm             126 -> -51    -195, -233                                  77.743
long read           113 -> 85     -184, 189, 292, 168                         77.521
miniasm              -4 -> 141    235, 212, 235, 208, 218, 282, 319, 288,     77.148
                                  218, 282, 319, 209, 282                           
long read            46 -> 134    -363, -397, -184, 383, -302, 268, 298,      76.629
                                  -180, -372, 187, 367, 268, 298, -180,             
                                  -371                                              
miniasm             155 -> -69    -397, -184, 384, -217, 326, 314, -179       75.935
long read          -112 -> 123    -376, -395, -397, -184, -176, 344, -227,    75.580
                                  210, 382, 151, -287, 190, -346                    
miniasm               6 -> 139    292, 168                                    75.218
long read            67 -> 81     158, 389, 233, 195                          74.758
miniasm            -114 -> -19    180, -298, -268, -367, 182, 158             74.042
long read            -6 -> 62     308, 295, -115, -306, -193, 197, -299,      73.904
                                  -256, 263, -260                                   
long read           160 -> 14     158, 291, -359, 268, 298, -180, -369        73.854
miniasm              79 -> -146   180, -298, -268, -367                       71.783
miniasm             -18 -> 48     -337, -170, -364, -194, 346, -190, -210,    70.261
                                  227, -344, -177, 184, 397                         
miniasm             -25 -> 68     344, -227, 210, 190, -346, -186, 268,       69.583
                                  298, -180, 274, -374, -397, -184, 387,            
                                  -397, -184                                        
miniasm             166 -> -64    361, 188, -216, 258, 324, -296, -307,       68.435
                                  -350, 312, -264, 331, -316, -237, -317,           
                                  -258, 216, -188, -370                             
miniasm             -71 -> -145   206, -340, -236, 201, 280                   68.319
miniasm             -89 -> -70    -388, 170, 345, 385, 179, -314, 325,        67.931
                                  184, 397, 363, 268, 298, -180, 400, 217,          
                                  -333, -386, -388, 170, -349, 355                  
miniasm            -146 -> -125   -195, 287, -151, -379, -233, -389, -219,    67.410
                                  -244, -241                                        
long read           132 -> -71    245, 252, 353, 281, -103                    66.544
miniasm             -95 -> 108    -397, -184, 387, -224, -258, -215, -188,    57.651
                                  -370, 171, 184, 397, 374, -391, -217,             
                                  326, 311, -179, -362, -321, 292, 168,             
                                  -183, -356, 347, 237, 316, -331, 264,             
                                  315, 301                                          
long read           100 -> 133    103, -281, -353, -252, -245                 56.827

Saving /home/gabrielsanchezgarcia/Documentos/Gabriel/Terminal/Unicycler/novogene-pacbio/005_bridges_applied.gfa


Bridged assembly graph (2026-03-12 16:25:47)
--------------------------------------------
    The assembly is now mostly finished and no more structural changes will be made. Ideally the assembly graph should now have one contig per replicon and no erroneous contigs (i.e. a complete assembly). If there are more contigs, then the assembly is not complete.

Saving /home/gabrielsanchezgarcia/Documentos/Gabriel/Terminal/Unicycler/novogene-pacbio/006_final_clean.gfa

Component   Segments   Links   Length      N50         Longest segment   Status  
    total          2       2   5,677,023   3,399,283         3,399,283           
        1          1       1   3,399,283   3,399,283         3,399,283   complete
        2          1       1   2,277,740   2,277,740         2,277,740   complete


Rotating completed replicons (2026-03-12 16:25:47)
--------------------------------------------------
    Any completed circular contigs (i.e. single contigs which have one link connecting end to start) can have their start position changed without altering the sequence. For consistency, Unicycler now searches for a starting gene (dnaA or repA) in each such contig, and if one is found, the contig is rotated to start with that gene on the forward strand.

Segment   Length      Depth   Starting gene     Position    Strand    Identity   Coverage
      1   3,399,283   1.00x   UniRef90_Q8XTV4   1,792,380   forward      94.5%     100.6%
      2   2,277,740   0.98x   UniRef90_D8MYE4   1,143,282   reverse      98.9%     100.0%

Saving /home/gabrielsanchezgarcia/Documentos/Gabriel/Terminal/Unicycler/novogene-pacbio/007_rotated.gfa


Assembly complete (2026-03-12 16:28:08)
---------------------------------------
Saving /home/gabrielsanchezgarcia/Documentos/Gabriel/Terminal/Unicycler/novogene-pacbio/assembly.gfa
Saving /home/gabrielsanchezgarcia/Documentos/Gabriel/Terminal/Unicycler/novogene-pacbio/assembly.fasta

